2019-06-27 21:16:12,070 - __main__ - ERROR - This is an error
2019-06-27 21:18:38,730 - __main__ - ERROR - This is an error
2019-06-27 21:24:13,072 - __main__ - ERROR - This is an error
2019-06-27 21:25:25 - __main__ - ERROR - This is an error
2019-06-27 21:26:11 - __main__ - DEBUG - This is an error
2019-06-27 21:30:09 - __main__ - ERROR - This is an error
2019-06-27 21:30:09 - __main__ - INFO - This is an info
2019-06-27 21:30:09 - __main__ - DEBUG - This is an debug
2019-06-27 21:30:09 - __main__ - WARNING - This is an warn
2019-06-27 21:30:32 - __main__ - ERROR - This is an error
2019-06-27 21:30:32 - __main__ - INFO - This is an info
2019-06-27 21:30:32 - __main__ - DEBUG - This is an debug
2019-06-27 21:30:32 - __main__ - WARNING - This is an warn
2019-06-27 21:31:17 - __main__ - ERROR - This is an error
2019-06-27 21:31:17 - __main__ - INFO - This is an info
2019-06-27 21:31:17 - __main__ - DEBUG - This is an debug
2019-06-27 21:31:17 - __main__ - WARNING - This is an warn
2019-06-27 21:31:33 - __main__ -    ERROR - This is an error
2019-06-27 21:31:33 - __main__ -     INFO - This is an info
2019-06-27 21:31:33 - __main__ -    DEBUG - This is an debug
2019-06-27 21:31:33 - __main__ -  WARNING - This is an warn
2019-06-27 21:31:50 - __main__ -   ERROR - This is an error
2019-06-27 21:31:50 - __main__ -    INFO - This is an info
2019-06-27 21:31:50 - __main__ -   DEBUG - This is an debug
2019-06-27 21:31:50 - __main__ - WARNING - This is an warn
2019-06-27 21:32:07 - __main__ -   ERROR - This is an error
2019-06-27 21:32:07 - __main__ -    INFO - This is an info
2019-06-27 21:32:07 - __main__ -   DEBUG - This is an debug
2019-06-27 21:32:07 - __main__ - WARNING - This is an warn
2019-06-27 21:33:02 - __main__ -   ERROR - This is an error
2019-06-27 21:33:02 - __main__ -    INFO - This is an info
2019-06-27 21:33:02 - __main__ -   DEBUG - This is an debug
2019-06-27 21:33:02 - __main__ - WARNING - This is an warn
2019-06-27 21:34:02 - __main__ -    INFO - Logger Started Successfully
2019-06-27 21:34:02 - __main__ -   ERROR - This is an error
2019-06-27 21:34:02 - __main__ -    INFO - This is an info
2019-06-27 21:34:02 - __main__ -   DEBUG - This is an debug
2019-06-27 21:34:02 - __main__ - WARNING - This is an warn
2019-06-27 21:34:59 - __main__ -    INFO - Logger Started Successfully
2019-06-27 21:34:59 - __main__ -   ERROR - This is an error
2019-06-27 21:34:59 - __main__ -    INFO - This is an info
2019-06-27 21:34:59 - __main__ -   DEBUG - This is an debug
2019-06-27 21:34:59 - __main__ - WARNING - This is an warn
2019-06-27 21:39:22 - logger.LOG -    INFO - Logger Started Successfully
2019-06-27 21:39:22 - logger.LOG -    INFO - Development in progress
2019-06-27 21:41:22 - logger.LOG -    INFO - Logger Started Successfully
2019-06-27 21:41:22 - logger.LOG -    INFO - Development in progress
2019-06-27 21:44:16 - src.logger.LOG -    INFO - Logger Started Successfully
2019-06-27 21:44:33 - src.logger.LOG -    INFO - Logger Started Successfully
2019-06-27 21:44:58 - src.logger.LOG -    INFO - Logger Started Successfully
2019-06-27 21:45:14 - src.logger.LOG -    INFO - Logger Started Successfully
2019-06-27 21:45:27 - logger.LOG -    INFO - Logger Started Successfully
2019-06-27 21:45:27 - logger.LOG -    INFO - Development in progress
2019-06-27 21:45:48 - logger.LOG -    INFO - Logger Started Successfully
2019-06-27 21:45:48 - logger.LOG -    INFO - Development in progress
2019-06-27 21:45:54 - src.logger.LOG -    INFO - Logger Started Successfully
2019-06-27 21:46:11 - src.logger.LOG -    INFO - Logger Started Successfully
2019-06-27 21:46:11 - src.logger.LOG -    INFO - Testing in progress
2019-06-27 21:47:05 - src.logger.LOG -    INFO - Logger Started Successfully
2019-06-30 21:10:02 - src.logger.LOG -    INFO - Logger Started Successfully
2019-06-30 21:10:09 - logger.LOG -    INFO - Logger Started Successfully
2019-06-30 21:10:09 - logger.LOG -    INFO - Development in progress
2019-06-30 22:15:54 - src.logger.LOG -    INFO - Logger Started Successfully
2019-06-30 22:18:20 - src.logger.LOG -    INFO - Logger Started Successfully
2019-06-30 22:21:07 - src.logger.LOG -    INFO - Logger Started Successfully
2019-06-30 22:21:37 - src.logger.LOG -    INFO - Logger Started Successfully
2019-06-30 22:22:38 - src.logger.LOG -    INFO - Logger Started Successfully
2019-06-30 22:22:57 - src.logger.LOG -    INFO - Logger Started Successfully
2019-06-30 22:23:19 - src.logger.LOG -    INFO - Logger Started Successfully
2019-06-30 22:25:25 - src.logger.LOG -    INFO - Logger Started Successfully
2019-06-30 22:26:33 - src.logger.LOG -    INFO - Logger Started Successfully
2019-06-30 22:26:45 - src.logger.LOG -    INFO - Logger Started Successfully
2019-06-30 22:27:45 - src.logger.LOG -    INFO - Logger Started Successfully
2019-06-30 22:28:27 - src.logger.LOG -    INFO - Logger Started Successfully
2019-06-30 22:29:53 - src.logger.LOG -    INFO - Logger Started Successfully
2019-06-30 22:30:29 - src.logger.LOG -    INFO - Logger Started Successfully
2019-06-30 22:37:52 - src.logger.LOG -    INFO - Logger Started Successfully
2019-06-30 22:38:57 - src.logger.LOG -    INFO - Logger Started Successfully
2019-06-30 22:39:59 - logger.LOG -    INFO - Logger Started Successfully
2019-06-30 22:39:59 - logger.LOG -    INFO - Development in progress
2019-06-30 22:44:21 - src.logger.LOG -    INFO - Logger Started Successfully
2019-06-30 22:45:15 - src.logger.LOG -    INFO - Logger Started Successfully
2019-06-30 22:46:55 - src.logger.LOG -    INFO - Logger Started Successfully
2019-06-30 22:47:48 - src.logger.LOG -    INFO - Logger Started Successfully
2019-06-30 22:48:46 - src.logger.LOG -    INFO - Logger Started Successfully
2019-06-30 22:50:58 - src.logger.LOG -    INFO - Logger Started Successfully
2019-06-30 22:51:30 - src.logger.LOG -    INFO - Logger Started Successfully
2019-06-30 22:51:49 - src.logger.LOG -    INFO - Logger Started Successfully
2019-06-30 22:52:03 - src.logger.LOG -    INFO - Logger Started Successfully
2019-06-30 22:52:44 - src.logger.LOG -    INFO - Logger Started Successfully
2019-06-30 22:54:41 - src.logger.LOG -    INFO - Logger Started Successfully
2019-06-30 22:55:31 - src.logger.LOG -    INFO - Logger Started Successfully
2019-06-30 22:56:36 - src.logger.LOG -    INFO - Logger Started Successfully
2019-06-30 22:57:43 - src.logger.LOG -    INFO - Logger Started Successfully
2019-06-30 22:58:32 - src.logger.LOG -    INFO - Logger Started Successfully
2019-06-30 23:04:28 - logger.LOG -    INFO - Logger Started Successfully
2019-06-30 23:04:28 - logger.LOG -    INFO - Development in progress
2019-06-30 23:04:40 - src.logger.LOG -    INFO - Logger Started Successfully
2019-06-30 23:14:21 - src.logger.LOG -    INFO - Logger Started Successfully
2019-06-30 23:16:14 - src.logger.LOG -    INFO - Logger Started Successfully
2019-06-30 23:16:39 - src.logger.LOG -    INFO - Logger Started Successfully
2019-06-30 23:18:49 - src.logger.LOG -    INFO - Logger Started Successfully
